aws/client.go;24;0
aws/sqs.go;54;0
base/base.go;78;58
cmd/mark.go;13;10
cmd/root.go;3;1
config/config.go;58;33
config/definition.go;82;55
github/auth.go;25;25
github/client.go;47;46
github/operations.go;89;0
github/quarantine.go;107;13
golang/packages.go;83;45
golang/quarantine.go;204;126
internal/testhelpers/files.go;61;0
internal/testhelpers/logging.go;13;0
internal/testhelpers/parsing.go;42;33
jira/client.go;176;37
logging/logging.go;41;35
main.go;1;0
processing/server.go;186;113
processing/webhook_handler.go;56;25
processing/worker.go;119;27
trunk/client.go;81;0
trunk/models.go;22;0
